\BOOKMARK [0][-]{chapter.1}{\376\377\137\025\212\000}{}% 1
\BOOKMARK [1][-]{section.1.1}{\376\377\145\160\133\146\213\301\146\016}{chapter.1}% 2
\BOOKMARK [1][-]{section.1.2}{\376\377\142\021\116\354\134\006\170\024\172\166\124\352\116\233\227\136\117\040\176\337\213\301\146\016\377\037}{chapter.1}% 3
\BOOKMARK [2][-]{subsection.1.2.1}{\376\377\116\244\116\222\137\017\213\301\146\016\000\040\377\010\000I\000P\377\011}{section.1.2}% 4
\BOOKMARK [2][-]{subsection.1.2.2}{\376\377\213\272\213\301\174\373\176\337}{section.1.2}% 5
\BOOKMARK [2][-]{subsection.1.2.3}{\376\377\131\032\213\301\146\016\200\005\116\244\116\222\137\017\213\301\146\016\377\010\000M\000I\000P\377\011\000/\151\202\163\207\123\357\150\300\232\214\213\301\146\016\377\010\000P\000C\000P\377\011\173\111}{section.1.2}% 6
\BOOKMARK [0][-]{chapter.2}{\376\377\226\217\147\072\140\047\166\204\122\233\221\317\377\032\143\007\176\271\213\306\122\053\124\214\000\040\000F\000r\000e\000i\000v\000a\000l\000d\000s\000\040\173\227\154\325}{}% 7
\BOOKMARK [1][-]{section.2.1}{\376\377\000R\000e\000e\000d\000-\000S\000o\000l\000o\000m\000o\000n\143\007\176\271\213\306\122\053}{chapter.2}% 8
\BOOKMARK [1][-]{section.2.2}{\376\377\000F\000r\000e\000i\000v\000a\000l\000d\000s\173\227\154\325}{chapter.2}% 9
\BOOKMARK [1][-]{section.2.3}{\376\377\167\013\137\205\143\007\176\271\213\306\122\053\124\214\000F\000r\000e\000i\000v\000a\000l\000d\000s\173\227\154\325\166\204\123\346\116\000\171\315\211\306\211\322}{chapter.2}% 10
\BOOKMARK [1][-]{section.2.4}{\376\377\123\125\123\330\221\317\000L\000a\000g\000r\000a\000n\000g\000e\143\322\120\074\154\325}{chapter.2}% 11
\BOOKMARK [0][-]{chapter.3}{\376\377\133\232\116\111\124\214\142\200\147\057\230\204\131\007\167\345\213\306}{}% 12
\BOOKMARK [1][-]{section.3.1}{\376\377\116\244\116\222\137\017\213\301\146\016}{chapter.3}% 13
\BOOKMARK [1][-]{section.3.2}{\376\377\213\272\213\301\174\373\176\337}{chapter.3}% 14
\BOOKMARK [1][-]{section.3.3}{\376\377\133\232\116\111\166\204\120\145\130\356\140\047\123\312\116\244\116\222\137\017\166\204\132\001\122\233}{chapter.3}% 15
\BOOKMARK [1][-]{section.3.4}{\376\377\000S\000c\000h\000w\000a\000r\000t\000z\000-\000Z\000i\000p\000p\000e\000l\137\025\164\006}{chapter.3}% 16
\BOOKMARK [1][-]{section.3.5}{\376\377\117\116\153\041\124\214\131\032\176\277\140\047\142\151\134\125}{chapter.3}% 17
\BOOKMARK [1][-]{section.3.6}{\376\377\116\140\230\230}{chapter.3}% 18
\BOOKMARK [0][-]{chapter.4}{\376\377\116\244\116\222\137\017\213\301\146\016\174\373\176\337}{}% 19
\BOOKMARK [1][-]{section.4.1}{\376\377\124\214\150\041\232\214\123\117\213\256}{chapter.4}% 20
\BOOKMARK [1][-]{section.4.2}{\376\377\124\214\150\041\232\214\166\204\231\226\116\052\136\224\165\050\377\032\000\043\000\040\000S\000A\000T\000\040\000I\000\040\000P}{chapter.4}% 21
\BOOKMARK [1][-]{section.4.3}{\376\377\173\054\116\214\116\052\136\224\165\050\377\032\116\000\116\052\156\005\160\271\126\376\116\055\116\011\211\322\137\142\145\160\221\317\166\204\173\200\123\125\000I\000P}{chapter.4}% 22
\BOOKMARK [1][-]{section.4.4}{\376\377\173\054\116\011\116\052\136\224\165\050\377\032\133\371\167\351\226\065\116\130\154\325\166\204\227\136\136\070\232\330\145\110\166\204\000I\000P}{chapter.4}% 23
\BOOKMARK [1][-]{section.4.5}{\376\377\133\371\167\351\226\065\116\130\154\325\166\204\227\136\136\070\232\330\145\110\166\204\000I\000P\166\204\136\224\165\050}{chapter.4}% 24
\BOOKMARK [1][-]{section.4.6}{\376\377\000G\000K\000R\123\117\213\256\123\312\121\166\232\330\145\110\133\236\163\260}{chapter.4}% 25
\BOOKMARK [1][-]{section.4.7}{\376\377\116\140\230\230}{chapter.4}% 26
\BOOKMARK [0][-]{chapter.5}{\376\377\117\177\165\050\000F\000i\000a\000t\000-\000S\000h\000a\000m\000i\000r\137\227\122\060\121\154\137\000\123\357\232\214\213\301\227\136\116\244\116\222\137\017\213\272\213\301}{}% 27
\BOOKMARK [1][-]{section.5.1}{\376\377\226\217\147\072\230\204\212\000\152\041\127\213}{chapter.5}% 28
\BOOKMARK [1][-]{section.5.2}{\376\377\000F\000i\000a\000t\000-\000S\000h\000a\000m\000i\000r\000\040\217\154\143\142}{chapter.5}% 29
\BOOKMARK [1][-]{section.5.3}{\376\377\217\154\143\142\166\204\133\211\121\150\140\047}{chapter.5}% 30
\BOOKMARK [1][-]{section.5.4}{\376\377\116\140\230\230}{chapter.5}% 31
\BOOKMARK [0][-]{chapter.6}{\376\377\122\115\172\357\377\032\134\006\213\241\173\227\147\072\172\013\136\217\217\154\123\026\116\072\165\065\215\357}{}% 32
\BOOKMARK [1][-]{section.6.1}{\376\377\137\025\212\000}{chapter.6}% 33
\BOOKMARK [1][-]{section.6.2}{\376\377\147\072\126\150\116\343\170\001}{chapter.6}% 34
\BOOKMARK [1][-]{section.6.3}{\376\377\134\006\172\013\136\217\217\154\143\142\116\072\165\065\215\357\166\204\173\054\116\000\116\052\142\200\147\057\377\010\151\202\211\310\377\011}{chapter.6}% 35
\BOOKMARK [1][-]{section.6.4}{\376\377\134\006\134\017\172\172\225\364\172\013\136\217\217\154\143\142\116\072\155\105\165\065\215\357}{chapter.6}% 36
\BOOKMARK [1][-]{section.6.5}{\376\377\134\006\213\241\173\227\147\072\172\013\136\217\217\154\143\142\116\072\165\065\215\357\123\357\156\341\215\263\140\047\133\236\117\213}{chapter.6}% 37
\BOOKMARK [1][-]{section.6.6}{\376\377\123\346\131\026\166\204\217\154\143\142\124\214\117\030\123\026}{chapter.6}% 38
\BOOKMARK [1][-]{section.6.7}{\376\377\116\140\230\230}{chapter.6}% 39
\BOOKMARK [0][-]{chapter.7}{\376\377\127\372\116\216\116\244\116\222\137\017\213\301\146\016\166\204\231\226\116\052\165\065\215\357\123\357\156\341\215\263\140\047\173\200\155\001\213\272\213\301}{}% 40
\BOOKMARK [1][-]{section.7.1}{\376\377\147\064\175\040\145\271\154\325\377\032\116\000\116\052\133\371\165\065\215\357\123\357\156\341\215\263\140\047\166\204\000I\000P}{chapter.7}% 41
\BOOKMARK [1][-]{section.7.2}{\376\377\133\371\165\065\215\357\123\357\156\341\215\263\140\047\166\204\173\200\155\001\213\272\213\301}{chapter.7}% 42
\BOOKMARK [1][-]{section.7.3}{\376\377\173\054\116\000\116\052\133\371\165\065\215\357\123\357\156\341\215\263\140\047\166\204\173\200\155\001\213\272\213\301}{chapter.7}% 43
\BOOKMARK [1][-]{section.7.4}{\376\377\167\345\213\306\123\357\227\140\140\047}{chapter.7}% 44
\BOOKMARK [0][-]{chapter.8}{\376\377\000M\000I\000P\377\032\133\232\116\111\124\214\127\372\147\054\176\323\147\234}{}% 45
\BOOKMARK [1][-]{section.8.1}{\376\377\116\000\116\052\133\371\165\065\215\357\123\357\156\341\215\263\140\047\166\204\232\330\145\110\000M\000I\000P}{chapter.8}% 46
\BOOKMARK [1][-]{section.8.2}{\376\377\116\000\116\052\133\371\165\065\215\357\123\357\156\341\215\263\140\047\166\204\232\330\145\110\000M\000I\000P}{chapter.8}% 47
\BOOKMARK [1][-]{section.8.3}{\376\377\116\000\116\052\133\371\155\361\165\065\215\357\166\204\173\200\155\001\213\272\213\301}{chapter.8}% 48
\BOOKMARK [1][-]{section.8.4}{\376\377\116\316\000C\000i\000r\000c\000u\000i\000t\000-\000S\000A\000T\122\060\000R\0001\000C\000S\000-\000S\000A\000T\166\204\142\151\134\125}{chapter.8}% 49
\BOOKMARK [1][-]{section.8.5}{\376\377\000M\000I\000P\000\040\000=\000\040\000N\000E\000X\000P}{chapter.8}% 50
\BOOKMARK [0][-]{chapter.9}{\376\377\000P\000C\000P\124\214\173\200\155\001\213\272\213\301\174\373\176\337}{}% 51
\BOOKMARK [1][-]{section.9.1}{\376\377\000P\000C\000P\377\032\133\232\116\111\123\312\124\214\000M\000I\000P\166\204\121\163\174\373}{chapter.9}% 52
\BOOKMARK [1][-]{section.9.2}{\376\377\134\006\000P\000C\000P\177\026\213\321\116\072\173\200\155\001\213\272\213\301\174\373\176\337}{chapter.9}% 53
\BOOKMARK [1][-]{section.9.3}{\376\377\127\372\116\216\000M\000I\000P\166\204\231\226\116\052\131\032\230\171\137\017\225\177\136\246\166\204\000P\000C\000P}{chapter.9}% 54
\BOOKMARK [1][-]{section.9.4}{\376\377\133\371\173\227\147\057\165\065\215\357\123\357\156\341\215\263\140\047\166\204\121\306\176\277\140\047\225\177\136\246\000P\000C\000P}{chapter.9}% 55
\BOOKMARK [0][-]{chapter.10}{\376\377\116\244\116\222\137\017\230\204\212\000\213\301\146\016}{}% 56
\BOOKMARK [1][-]{section.10.1}{\376\377\000I\000O\000P\377\032\133\232\116\111\124\214\166\370\136\224\166\204\173\200\155\001\213\272\213\301\174\373\176\337}{chapter.10}% 57
\BOOKMARK [1][-]{section.10.2}{\376\377\131\032\230\171\137\017\000I\000O\000P\124\214\166\370\136\224\166\204\173\200\155\001\213\272\213\301\174\373\176\337}{chapter.10}% 58
\BOOKMARK [1][-]{section.10.3}{\376\377\116\000\116\052\133\371\000R\0001\000C\000S\123\357\156\341\215\263\140\047\166\204\131\032\230\171\137\017\000I\000O\000P}{chapter.10}% 59
\BOOKMARK [1][-]{section.10.4}{\376\377\000F\000R\000I\116\345\123\312\166\370\121\163\166\204\131\032\230\171\137\017\142\177\213\372}{chapter.10}% 60
\BOOKMARK [1][-]{section.10.5}{\376\377\000L\000i\000g\000e\000r\000o\124\214\000B\000r\000a\000k\000e\000d\000o\000w\000n\131\032\230\171\137\017\142\177\213\372}{chapter.10}% 61
\BOOKMARK [1][-]{section.10.6}{\376\377\117\177\165\050\131\032\230\171\137\017\000I\000O\000P\176\337\116\000\000I\000P\377\014\000M\000I\000P\124\214\000I\000O\000P}{chapter.10}% 62
\BOOKMARK [0][-]{chapter.11}{\376\377\226\366\167\345\213\306\213\301\146\016\124\214\213\272\213\301\174\373\176\337}{}% 63
\BOOKMARK [1][-]{section.11.1}{\376\377\116\300\116\110\146\057\226\366\167\345\213\306\213\301\146\016\377\037}{chapter.11}% 64
\BOOKMARK [1][-]{section.11.2}{\376\377\176\337\213\241\226\366\167\345\213\306\213\301\146\016\166\204\134\100\226\120}{chapter.11}% 65
\BOOKMARK [1][-]{section.11.3}{\376\377\133\371\126\376\166\204\227\136\124\014\147\204\166\204\213\332\133\236\232\214\213\301\200\005\176\337\213\241\226\366\167\345\213\306\213\301\146\016\123\117\213\256}{chapter.11}% 66
\BOOKMARK [1][-]{section.11.4}{\376\377\133\371\170\260\144\236\225\356\230\230\166\204\213\332\133\236\232\214\213\301\200\005\176\337\213\241\226\366\167\345\213\306\213\301\146\016\123\117\213\256}{chapter.11}% 67
\BOOKMARK [0][-]{chapter.12}{\376\377\127\372\116\216\171\273\145\143\133\371\145\160\126\360\226\276\140\047\166\204\000\040\000-\123\117\213\256\124\214\142\177\213\372}{}% 68
\BOOKMARK [1][-]{section.12.1}{\376\377\133\306\170\001\133\146\200\314\146\157}{chapter.12}% 69
\BOOKMARK [1][-]{section.12.2}{\376\377\000S\000c\000h\000n\000o\000r\000r\166\204\133\371\171\273\145\143\133\371\145\160\167\345\213\306\166\204\123\117\213\256}{chapter.12}% 70
\BOOKMARK [1][-]{section.12.3}{\376\377\116\000\116\052\124\014\140\001\142\177\213\372\145\271\150\110}{chapter.12}% 71
\BOOKMARK [0][-]{chapter.13}{\376\377\220\032\217\307\142\177\213\372\136\166\213\301\146\016\124\214\220\156\166\326\131\032\230\171\137\017\133\236\163\260\226\366\167\345\213\306}{}% 72
\BOOKMARK [1][-]{section.13.1}{\376\377\211\301\213\301\131\047\134\017\166\204\213\301\146\016\225\177\136\246\116\345\123\312\116\130\154\325\131\015\147\102\136\246}{chapter.13}% 73
\BOOKMARK [1][-]{section.13.2}{\376\377\220\177\121\115\133\371\116\130\154\325\131\015\147\102\136\246\166\204\176\277\140\047\117\235\215\126\377\032\147\145\201\352\000\040\000I\000P\000\040\166\204\226\366\167\345\213\306\213\272\213\301}{chapter.13}% 74
\BOOKMARK [1][-]{section.13.3}{\376\377\220\032\217\307\220\156\166\326\131\032\230\171\137\017\166\204\226\366\167\345\213\306}{chapter.13}% 75
\BOOKMARK [1][-]{section.13.4}{\376\377\213\250\213\272\124\214\153\324\217\203}{chapter.13}% 76
\BOOKMARK [0][-]{chapter.14}{\376\377\127\372\116\216\171\273\145\143\133\371\145\160\126\360\226\276\140\047\166\204\131\032\230\171\137\017\142\177\213\372}{}% 77
\BOOKMARK [1][-]{section.14.1}{\376\377\116\000\116\052\136\046\147\011\176\277\140\047\131\047\134\017\142\177\213\372\166\204\226\366\167\345\213\306\145\271\150\110}{chapter.14}% 78
\BOOKMARK [1][-]{section.14.2}{\376\377\136\070\145\160\131\047\134\017\142\177\213\372\117\106\176\277\140\047\131\047\134\017\154\102\120\074\213\301\146\016}{chapter.14}% 79
\BOOKMARK [1][-]{section.14.3}{\376\377\147\103\210\141\142\177\213\372\131\047\134\017\124\214\213\301\146\016\137\000\225\000}{chapter.14}% 80
\BOOKMARK [1][-]{section.14.4}{\376\377\000B\000u\000l\000l\000e\000t\000p\000r\000o\000o\000f\000s}{chapter.14}% 81
\BOOKMARK [0][-]{chapter.15}{\376\377\127\372\116\216\221\115\133\371\166\204\131\032\230\171\137\017\142\177\213\372}{}% 82
\BOOKMARK [1][-]{section.15.1}{\376\377\133\306\170\001\133\146\200\314\146\157}{chapter.15}% 83
\BOOKMARK [1][-]{section.15.2}{\376\377\000K\000Z\000G\377\032\227\000\211\201\221\115\133\371\124\214\123\357\117\341\213\276\177\156\166\204\123\125\123\330\221\317\131\032\230\171\137\017\142\177\213\372}{chapter.15}% 84
\BOOKMARK [1][-]{section.15.3}{\376\377\142\151\134\125\000K\000Z\000G\122\060\131\032\176\277\140\047\131\032\230\171\137\017}{chapter.15}% 85
\BOOKMARK [1][-]{section.15.4}{\376\377\000D\000o\000r\000y\377\032\133\371\145\160\232\214\213\301\137\000\225\000\166\204\220\017\146\016\145\271\150\110}{chapter.15}% 86
\BOOKMARK [0][-]{chapter.16}{\376\377\131\032\230\171\137\017\142\177\213\372\140\073\176\323}{}% 87
\BOOKMARK [1][-]{section.16.1}{\376\377\124\014\140\001\142\177\213\372\131\032\230\171\137\017\166\204\142\171\221\317\154\102\120\074}{chapter.16}% 88
\BOOKMARK [1][-]{section.16.2}{\376\377\172\000\165\217\131\032\230\171\137\017\166\204\142\177\213\372\145\271\150\110}{chapter.16}% 89
\BOOKMARK [1][-]{section.16.3}{\376\377\131\032\230\171\137\017\142\177\213\372\145\271\150\110\377\032\117\030\160\271\124\214\177\072\160\271}{chapter.16}% 90
\BOOKMARK [1][-]{section.16.4}{\376\377\121\166\116\326\145\271\154\325}{chapter.16}% 91
\BOOKMARK [0][-]{chapter.17}{\376\377\176\277\140\047\000P\000C\000P\124\214\173\200\155\001\213\272\213\301}{}% 92
\BOOKMARK [1][-]{section.17.1}{\376\377\151\202\217\360\377\032\147\145\201\352\040\034\225\177\040\035\377\014\176\323\147\204\123\026\000P\000C\000P\166\204\116\244\116\222\213\272\213\301}{chapter.17}% 93
\BOOKMARK [1][-]{section.17.2}{\376\377\116\015\133\236\117\213\123\026\124\014\145\366\133\371\176\277\140\047\000P\000C\000P\142\177\213\372}{chapter.17}% 94
\BOOKMARK [1][-]{section.17.3}{\376\377\231\226\116\052\133\371\173\227\147\057\165\065\215\357\123\357\156\341\215\263\140\047\166\204\176\277\140\047\000P\000C\000P}{chapter.17}% 95
\BOOKMARK [1][-]{section.17.4}{\376\377\000G\000G\000P\000R\377\032\000\040\000O\000\050\000|\000F\000|\000S\000.}{chapter.17}% 96
\BOOKMARK [1][-]{section.17.5}{\376\377\227\136\116\244\116\222\140\047\124\214\121\154\137\000\123\357\232\214\213\301\140\047}{chapter.17}% 97
\BOOKMARK [0][-]{chapter.18}{\376\377\000S\000N\000A\000R\000K\176\304\124\010\124\214\220\022\137\122}{}% 98
\BOOKMARK [1][-]{section.18.1}{\376\377\176\304\124\010\116\044\116\052\116\015\124\014\166\204\000S\000N\000A\000R\000K}{chapter.18}% 99
\BOOKMARK [1][-]{section.18.2}{\376\377\000S\000N\000A\000R\000K\146\364\155\361\136\246\166\204\176\304\124\010}{chapter.18}% 100
\BOOKMARK [1][-]{section.18.3}{\376\377\000S\000N\000A\000R\000K\176\304\124\010\166\204\121\166\116\326\136\224\165\050}{chapter.18}% 101
\BOOKMARK [1][-]{section.18.4}{\376\377\220\032\217\307\220\022\137\122\133\371\217\355\116\343\213\241\173\227\166\204\000S\000N\000A\000R\000K}{chapter.18}% 102
\BOOKMARK [1][-]{section.18.5}{\376\377\220\032\217\307\124\014\140\001\142\177\213\372\166\204\133\371\217\355\116\343\213\241\173\227\166\204\000S\000N\000A\000R\000K}{chapter.18}% 103
\BOOKMARK [0][-]{chapter.19}{\376\377\133\236\165\050\213\272\213\301\174\373\176\337\236\037\167\260}{}% 104
\BOOKMARK [1][-]{section.19.1}{\376\377\000S\000N\000A\000R\000K\000\040\166\204\122\006\174\173}{chapter.19}% 105
\BOOKMARK [1][-]{section.19.2}{\376\377\116\015\124\014\145\271\154\325\166\204\117\030\177\072\160\271}{chapter.19}% 106
\BOOKMARK [1][-]{section.19.3}{\376\377\137\161\124\315\121\167\117\123\145\110\163\207\166\204\121\166\116\326\225\356\230\230}{chapter.19}% 107
\BOOKMARK [0][-]{chapter*.2}{\376\377\123\302\200\003\145\207\163\056}{}% 108
